#
# A fatal error has been detected by the Java Runtime Environment:
#
#  EXCEPTION_ACCESS_VIOLATION (0xc0000005) at pc=0x00000000774848db, pid=212, tid=0x0000000000000a8c
#
# JRE version: Java(TM) SE Runtime Environment (8.0_111-b14) (build 1.8.0_111-b14)
# Java VM: Java HotSpot(TM) 64-Bit Server VM (25.111-b14 mixed mode windows-amd64 compressed oops)
# Problematic frame:
# V  [jvm.dll+0x1148db]
#
# Failed to write core dump. Minidumps are not enabled by default on client versions of Windows
#
# If you would like to submit a bug report, please visit:
#   http://bugreport.java.com/bugreport/crash.jsp
#

---------------  T H R E A D  ---------------

Current thread (0x00000000029bc800):  GCTaskThread [stack: 0x00000000124d0000,0x00000000125d0000] [id=2700]

siginfo: ExceptionCode=0xc0000005, reading address 0x0000000000000008

Registers:
RAX=0x00000000125d0000, RBX=0x00000000c18a18b0, RCX=0x0000000000000003, RDX=0x0000000000000001
RSP=0x00000000125cf1a0, RBP=0x00000000c08a1864, RSI=0x0000000002a8be70, RDI=0x0000000002a8be70
R8 =0x0000000000000000, R9 =0x00000001001e7d78, R10=0x000000000000000c, R11=0x000000007796fec8
R12=0x00000000c08a1870, R13=0x00000001001e7fc0, R14=0x00000001001e7fc8, R15=0x00000000c08a1850
RIP=0x00000000774848db, EFLAGS=0x0000000000010246

Top of Stack: (sp=0x00000000125cf1a0)
0x00000000125cf1a0:   00000001001e7d78 00000000c08a187c
0x00000000125cf1b0:   0000000000000005 000000007758d2e2
0x00000000125cf1c0:   0000000000000000 00000000000003d8
0x00000000125cf1d0:   00000000029bd088 00000000029b3b50
0x00000000125cf1e0:   0000000000001385 00000000777670a0
0x00000000125cf1f0:   0000000015a69c70 00000000150454a0
0x00000000125cf200:   0000000002a8be70 00000000029bccb0
0x00000000125cf210:   0000000000000000 0000000000000c00
0x00000000125cf220:   0000000000000000 0000000000000000
0x00000000125cf230:   0000000000000000 0000000017552800
0x00000000125cf240:   0000000000000001 00000adb00001401
0x00000000125cf250:   0000e901c83b4963 00000000029bd088
0x00000000125cf260:   00000000029bccb0 00000000000003d8
0x00000000125cf270:   00000000029bccb0 00000000029b3b50
0x00000000125cf280:   00000000029bcca0 00000000150454a0
0x00000000125cf290:   0000000002a8be70 0000000077764083 

Instructions: (pc=0x00000000774848db)
0x00000000774848bb:   6f 00 84 d2 74 16 44 8b 43 08 8b 0d dd 9e 68 00
0x00000000774848cb:   49 d3 e0 4c 03 05 cb 9e 68 00 eb 04 4c 8b 43 08
0x00000000774848db:   45 8b 48 08 45 85 c9 7e 0c 41 f6 c1 01 75 4b 41
0x00000000774848eb:   c1 f9 03 eb 57 79 43 84 d2 41 8b c9 b8 10 00 00 


Register to memory mapping:

RAX=0x00000000125d0000 is an unknown value
RBX=
[error occurred during error reporting (printing register info), id 0xc0000005]

Stack: [0x00000000124d0000,0x00000000125d0000],  sp=0x00000000125cf1a0,  free space=1020k
Native frames: (J=compiled Java code, j=interpreted, Vv=VM code, C=native code)
V  [jvm.dll+0x1148db]
V  [jvm.dll+0x3f70a0]
V  [jvm.dll+0x3f4083]
V  [jvm.dll+0x3f1eee]
V  [jvm.dll+0x29c43a]
C  [msvcr100.dll+0x21d9f]
C  [msvcr100.dll+0x21e3b]
C  [KERNEL32.DLL+0x8364]
C  [ntdll.dll+0x670d1]


---------------  P R O C E S S  ---------------

Java Threads: ( => current thread )
  0x0000000017552800 JavaThread "File lock request listener" [_thread_in_native, id=10944, stack(0x000000001abd0000,0x000000001acd0000)]
  0x0000000016d0f800 JavaThread "Stdin handler" [_thread_blocked, id=10492, stack(0x0000000019500000,0x0000000019600000)]
  0x00000000175a1800 JavaThread "Daemon worker" [_thread_blocked, id=2444, stack(0x0000000019400000,0x0000000019500000)]
  0x0000000016d54000 JavaThread "Cancel handler" [_thread_blocked, id=2676, stack(0x0000000019300000,0x0000000019400000)]
  0x00000000174e5800 JavaThread "Handler for socket connection from /127.0.0.1:50099 to /127.0.0.1:50102" [_thread_in_native, id=168, stack(0x0000000019200000,0x0000000019300000)]
  0x00000000174e5000 JavaThread "Daemon" [_thread_blocked, id=2696, stack(0x0000000019100000,0x0000000019200000)]
  0x000000001740b800 JavaThread "Incoming local TCP Connector on port 50099" [_thread_in_native, id=2484, stack(0x0000000018cd0000,0x0000000018dd0000)]
  0x0000000016b01000 JavaThread "Service Thread" daemon [_thread_blocked, id=504, stack(0x0000000016ec0000,0x0000000016fc0000)]
  0x000000001519d800 JavaThread "C1 CompilerThread2" daemon [_thread_blocked, id=6552, stack(0x00000000169c0000,0x0000000016ac0000)]
  0x000000001517d800 JavaThread "C2 CompilerThread1" daemon [_thread_blocked, id=6580, stack(0x00000000168c0000,0x00000000169c0000)]
  0x000000001516f000 JavaThread "C2 CompilerThread0" daemon [_thread_blocked, id=4580, stack(0x00000000167c0000,0x00000000168c0000)]
  0x000000001516d800 JavaThread "Attach Listener" daemon [_thread_blocked, id=6564, stack(0x00000000166c0000,0x00000000167c0000)]
  0x000000001516c800 JavaThread "Signal Dispatcher" daemon [_thread_blocked, id=6612, stack(0x00000000165c0000,0x00000000166c0000)]
  0x0000000002a9c800 JavaThread "Finalizer" daemon [_thread_blocked, id=6544, stack(0x00000000163d0000,0x00000000164d0000)]
  0x0000000002a91800 JavaThread "Reference Handler" daemon [_thread_blocked, id=6556, stack(0x00000000162d0000,0x00000000163d0000)]
  0x000000000286e000 JavaThread "main" [_thread_blocked, id=10924, stack(0x00000000028a0000,0x00000000029a0000)]

Other Threads:
  0x0000000015137800 VMThread [stack: 0x00000000161d0000,0x00000000162d0000] [id=388]
  0x0000000016b04000 WatcherThread [stack: 0x0000000016fc0000,0x00000000170c0000] [id=6584]

=>0x00000000029bc800 (exited) GCTaskThread [stack: 0x00000000124d0000,0x00000000125d0000] [id=2700]

VM state:at safepoint (normal execution)

VM Mutex/Monitor currently owned by a thread:  ([mutex/lock_event])
[0x000000000286da40] Threads_lock - owner thread: 0x0000000015137800
[0x000000000286cfc0] Heap_lock - owner thread: 0x00000000175a1800

Heap:
 PSYoungGen      total 62464K, used 915K [0x00000000eab00000, 0x00000000eff80000, 0x0000000100000000)
  eden space 55808K, 0% used [0x00000000eab00000,0x00000000eab00000,0x00000000ee180000)
  from space 6656K, 13% used [0x00000000ee180000,0x00000000ee264fe0,0x00000000ee800000)
  to   space 7168K, 0% used [0x00000000ef880000,0x00000000ef880000,0x00000000eff80000)
 ParOldGen       total 36352K, used 22493K [0x00000000c0000000, 0x00000000c2380000, 0x00000000eab00000)
  object space 36352K, 61% used [0x00000000c0000000,0x00000000c15f7578,0x00000000c2380000)
 Metaspace       used 34620K, capacity 35236K, committed 35456K, reserved 1079296K
  class space    used 4714K, capacity 4892K, committed 4992K, reserved 1048576K

Card table byte_map: [0x0000000011e60000,0x0000000012070000] byte_map_base: 0x0000000011860000

Marking Bits: (ParMarkBitMap*) 0x0000000077b8a6c0
 Begin Bits: [0x00000000125d0000, 0x00000000135d0000)
 End Bits:   [0x00000000135d0000, 0x00000000145d0000)

Polling page: 0x0000000001260000

CodeCache: size=245760Kb used=13641Kb max_used=13843Kb free=232118Kb
 bounds [0x0000000002aa0000, 0x0000000003840000, 0x0000000011aa0000]
 total_blobs=4253 nmethods=3591 adapters=574
 compilation: enabled

Compilation events (10 events):
Event: 52.591 Thread 0x000000001517d800 3964       4       java.util.regex.Pattern$Ctype::isSatisfiedBy (24 bytes)
Event: 52.593 Thread 0x000000001517d800 nmethod 3964 0x0000000002f7bd10 code [0x0000000002f7be60, 0x0000000002f7bf38]
Event: 52.601 Thread 0x000000001516f000 3965       4       java.util.zip.ZipEntry::setExtra0 (360 bytes)
Event: 52.621 Thread 0x000000001517d800 3966       4       java.util.regex.Pattern$5::isSatisfiedBy (28 bytes)
Event: 52.623 Thread 0x000000001517d800 nmethod 3966 0x00000000032afd90 code [0x00000000032afee0, 0x00000000032aff98]
Event: 52.630 Thread 0x000000001516f000 nmethod 3965 0x00000000032a5450 code [0x00000000032a5680, 0x00000000032a5e28]
Event: 52.660 Thread 0x000000001517d800 3967       4       java.util.HashMap$EntryIterator::next (5 bytes)
Event: 52.670 Thread 0x000000001517d800 nmethod 3967 0x0000000002bf47d0 code [0x0000000002bf4920, 0x0000000002bf4b18]
Event: 52.769 Thread 0x000000001519d800 3968       3       java.io.WinNTFileSystem::resolve (231 bytes)
Event: 52.772 Thread 0x000000001519d800 nmethod 3968 0x00000000032c5510 code [0x00000000032c57e0, 0x00000000032c71c8]

GC Heap History (10 events):
Event: 46.667 GC heap after
Heap after GC invocations=14 (full 1):
 PSYoungGen      total 37888K, used 2028K [0x00000000eab00000, 0x00000000ee080000, 0x0000000100000000)
  eden space 31232K, 0% used [0x00000000eab00000,0x00000000eab00000,0x00000000ec980000)
  from space 6656K, 30% used [0x00000000ec980000,0x00000000ecb7b2d8,0x00000000ed000000)
  to   space 6656K, 0% used [0x00000000eda00000,0x00000000eda00000,0x00000000ee080000)
 ParOldGen       total 36352K, used 13570K [0x00000000c0000000, 0x00000000c2380000, 0x00000000eab00000)
  object space 36352K, 37% used [0x00000000c0000000,0x00000000c0d40a70,0x00000000c2380000)
 Metaspace       used 27399K, capacity 27834K, committed 27904K, reserved 1073152K
  class space    used 3728K, capacity 3834K, committed 3840K, reserved 1048576K
}
Event: 49.065 GC heap before
{Heap before GC invocations=15 (full 1):
 PSYoungGen      total 37888K, used 33260K [0x00000000eab00000, 0x00000000ee080000, 0x0000000100000000)
  eden space 31232K, 100% used [0x00000000eab00000,0x00000000ec980000,0x00000000ec980000)
  from space 6656K, 30% used [0x00000000ec980000,0x00000000ecb7b2d8,0x00000000ed000000)
  to   space 6656K, 0% used [0x00000000eda00000,0x00000000eda00000,0x00000000ee080000)
 ParOldGen       total 36352K, used 13570K [0x00000000c0000000, 0x00000000c2380000, 0x00000000eab00000)
  object space 36352K, 37% used [0x00000000c0000000,0x00000000c0d40a70,0x00000000c2380000)
 Metaspace       used 30077K, capacity 30556K, committed 30720K, reserved 1075200K
  class space    used 4085K, capacity 4236K, committed 4352K, reserved 1048576K
Event: 49.094 GC heap after
Heap after GC invocations=15 (full 1):
 PSYoungGen      total 48128K, used 3449K [0x00000000eab00000, 0x00000000ee100000, 0x0000000100000000)
  eden space 41472K, 0% used [0x00000000eab00000,0x00000000eab00000,0x00000000ed380000)
  from space 6656K, 51% used [0x00000000eda00000,0x00000000edd5e5f0,0x00000000ee080000)
  to   space 6656K, 0% used [0x00000000ed380000,0x00000000ed380000,0x00000000eda00000)
 ParOldGen       total 36352K, used 14854K [0x00000000c0000000, 0x00000000c2380000, 0x00000000eab00000)
  object space 36352K, 40% used [0x00000000c0000000,0x00000000c0e81ab0,0x00000000c2380000)
 Metaspace       used 30077K, capacity 30556K, committed 30720K, reserved 1075200K
  class space    used 4085K, capacity 4236K, committed 4352K, reserved 1048576K
}
Event: 50.809 GC heap before
{Heap before GC invocations=16 (full 1):
 PSYoungGen      total 48128K, used 44921K [0x00000000eab00000, 0x00000000ee100000, 0x0000000100000000)
  eden space 41472K, 100% used [0x00000000eab00000,0x00000000ed380000,0x00000000ed380000)
  from space 6656K, 51% used [0x00000000eda00000,0x00000000edd5e5f0,0x00000000ee080000)
  to   space 6656K, 0% used [0x00000000ed380000,0x00000000ed380000,0x00000000eda00000)
 ParOldGen       total 36352K, used 14854K [0x00000000c0000000, 0x00000000c2380000, 0x00000000eab00000)
  object space 36352K, 40% used [0x00000000c0000000,0x00000000c0e81ab0,0x00000000c2380000)
 Metaspace       used 31880K, capacity 32454K, committed 32768K, reserved 1077248K
  class space    used 4320K, capacity 4500K, committed 4608K, reserved 1048576K
Event: 50.839 GC heap after
Heap after GC invocations=16 (full 1):
 PSYoungGen      total 48128K, used 3018K [0x00000000eab00000, 0x00000000eee00000, 0x0000000100000000)
  eden space 41472K, 0% used [0x00000000eab00000,0x00000000eab00000,0x00000000ed380000)
  from space 6656K, 45% used [0x00000000ed380000,0x00000000ed672960,0x00000000eda00000)
  to   space 6144K, 0% used [0x00000000ee800000,0x00000000ee800000,0x00000000eee00000)
 ParOldGen       total 36352K, used 15986K [0x00000000c0000000, 0x00000000c2380000, 0x00000000eab00000)
  object space 36352K, 43% used [0x00000000c0000000,0x00000000c0f9cac0,0x00000000c2380000)
 Metaspace       used 31880K, capacity 32454K, committed 32768K, reserved 1077248K
  class space    used 4320K, capacity 4500K, committed 4608K, reserved 1048576K
}
Event: 52.524 GC heap before
{Heap before GC invocations=17 (full 1):
 PSYoungGen      total 48128K, used 44490K [0x00000000eab00000, 0x00000000eee00000, 0x0000000100000000)
  eden space 41472K, 100% used [0x00000000eab00000,0x00000000ed380000,0x00000000ed380000)
  from space 6656K, 45% used [0x00000000ed380000,0x00000000ed672960,0x00000000eda00000)
  to   space 6144K, 0% used [0x00000000ee800000,0x00000000ee800000,0x00000000eee00000)
 ParOldGen       total 36352K, used 15986K [0x00000000c0000000, 0x00000000c2380000, 0x00000000eab00000)
  object space 36352K, 43% used [0x00000000c0000000,0x00000000c0f9cac0,0x00000000c2380000)
 Metaspace       used 33437K, capacity 34084K, committed 34432K, reserved 1079296K
  class space    used 4522K, capacity 4700K, committed 4736K, reserved 1048576K
Event: 52.549 GC heap after
Heap after GC invocations=17 (full 1):
 PSYoungGen      total 61952K, used 5582K [0x00000000eab00000, 0x00000000eef80000, 0x0000000100000000)
  eden space 55808K, 0% used [0x00000000eab00000,0x00000000eab00000,0x00000000ee180000)
  from space 6144K, 90% used [0x00000000ee800000,0x00000000eed73b78,0x00000000eee00000)
  to   space 6656K, 0% used [0x00000000ee180000,0x00000000ee180000,0x00000000ee800000)
 ParOldGen       total 36352K, used 17642K [0x00000000c0000000, 0x00000000c2380000, 0x00000000eab00000)
  object space 36352K, 48% used [0x00000000c0000000,0x00000000c113aac0,0x00000000c2380000)
 Metaspace       used 33437K, capacity 34084K, committed 34432K, reserved 1079296K
  class space    used 4522K, capacity 4700K, committed 4736K, reserved 1048576K
}
Event: 53.011 GC heap before
{Heap before GC invocations=18 (full 1):
 PSYoungGen      total 61952K, used 12259K [0x00000000eab00000, 0x00000000eef80000, 0x0000000100000000)
  eden space 55808K, 11% used [0x00000000eab00000,0x00000000eb185108,0x00000000ee180000)
  from space 6144K, 90% used [0x00000000ee800000,0x00000000eed73b78,0x00000000eee00000)
  to   space 6656K, 0% used [0x00000000ee180000,0x00000000ee180000,0x00000000ee800000)
 ParOldGen       total 36352K, used 17642K [0x00000000c0000000, 0x00000000c2380000, 0x00000000eab00000)
  object space 36352K, 48% used [0x00000000c0000000,0x00000000c113aac0,0x00000000c2380000)
 Metaspace       used 34620K, capacity 35236K, committed 35456K, reserved 1079296K
  class space    used 4714K, capacity 4892K, committed 4992K, reserved 1048576K
Event: 53.033 GC heap after
Heap after GC invocations=18 (full 1):
 PSYoungGen      total 62464K, used 915K [0x00000000eab00000, 0x00000000eff80000, 0x0000000100000000)
  eden space 55808K, 0% used [0x00000000eab00000,0x00000000eab00000,0x00000000ee180000)
  from space 6656K, 13% used [0x00000000ee180000,0x00000000ee264fe0,0x00000000ee800000)
  to   space 7168K, 0% used [0x00000000ef880000,0x00000000ef880000,0x00000000eff80000)
 ParOldGen       total 36352K, used 22493K [0x00000000c0000000, 0x00000000c2380000, 0x00000000eab00000)
  object space 36352K, 61% used [0x00000000c0000000,0x00000000c15f7578,0x00000000c2380000)
 Metaspace       used 34620K, capacity 35236K, committed 35456K, reserved 1079296K
  class space    used 4714K, capacity 4892K, committed 4992K, reserved 1048576K
}
Event: 53.033 GC heap before
{Heap before GC invocations=19 (full 2):
 PSYoungGen      total 62464K, used 915K [0x00000000eab00000, 0x00000000eff80000, 0x0000000100000000)
  eden space 55808K, 0% used [0x00000000eab00000,0x00000000eab00000,0x00000000ee180000)
  from space 6656K, 13% used [0x00000000ee180000,0x00000000ee264fe0,0x00000000ee800000)
  to   space 7168K, 0% used [0x00000000ef880000,0x00000000ef880000,0x00000000eff80000)
 ParOldGen       total 36352K, used 22493K [0x00000000c0000000, 0x00000000c2380000, 0x00000000eab00000)
  object space 36352K, 61% used [0x00000000c0000000,0x00000000c15f7578,0x00000000c2380000)
 Metaspace       used 34620K, capacity 35236K, committed 35456K, reserved 1079296K
  class space    used 4714K, capacity 4892K, committed 4992K, reserved 1048576K

Deoptimization events (10 events):
Event: 51.064 Thread 0x00000000175a1800 Uncommon trap: reason=unstable_if action=reinterpret pc=0x00000000035e441c method=java.util.HashMap.putVal(ILjava/lang/Object;Ljava/lang/Object;ZZ)Ljava/lang/Object; @ 236
Event: 51.113 Thread 0x00000000175a1800 Uncommon trap: reason=unstable_if action=reinterpret pc=0x0000000002baf0bc method=java.lang.CharacterDataLatin1.isWhitespace(I)Z @ 14
Event: 51.274 Thread 0x00000000175a1800 Uncommon trap: reason=unstable_if action=reinterpret pc=0x000000000328abec method=java.security.CodeSource.getCertificates()[Ljava/security/cert/Certificate; @ 22
Event: 51.354 Thread 0x00000000175a1800 Uncommon trap: reason=unstable_if action=reinterpret pc=0x00000000036496c4 method=java.util.LinkedHashMap.get(Ljava/lang/Object;)Ljava/lang/Object; @ 20
Event: 51.695 Thread 0x00000000175a1800 Uncommon trap: reason=unstable_if action=reinterpret pc=0x000000000326ac1c method=org.codehaus.groovy.reflection.CachedMethod.compareToMethod(Ljava/lang/reflect/Method;)I @ 111
Event: 51.982 Thread 0x00000000175a1800 Uncommon trap: reason=unstable_if action=reinterpret pc=0x0000000003667e00 method=java.util.WeakHashMap.eq(Ljava/lang/Object;Ljava/lang/Object;)Z @ 10
Event: 52.451 Thread 0x00000000175a1800 Uncommon trap: reason=bimorphic action=maybe_recompile pc=0x0000000002f450c0 method=java.util.regex.Pattern$5.isSatisfiedBy(I)Z @ 16
Event: 52.452 Thread 0x00000000175a1800 Uncommon trap: reason=bimorphic action=maybe_recompile pc=0x0000000002f450c0 method=java.util.regex.Pattern$5.isSatisfiedBy(I)Z @ 16
Event: 52.452 Thread 0x00000000175a1800 Uncommon trap: reason=bimorphic action=maybe_recompile pc=0x0000000002f450c0 method=java.util.regex.Pattern$5.isSatisfiedBy(I)Z @ 16
Event: 52.452 Thread 0x00000000175a1800 Uncommon trap: reason=bimorphic action=maybe_recompile pc=0x0000000002f450c0 method=java.util.regex.Pattern$5.isSatisfiedBy(I)Z @ 16

Internal exceptions (10 events):
Event: 52.182 Thread 0x00000000175a1800 Exception <a 'java/lang/ClassNotFoundException': org/gradle/api/file/FileTreeBeanInfo> (0x00000000ed03a250) thrown at [C:\re\workspace\8-2-build-windows-amd64-cygwin\jdk8u111\7883\hotspot\src\share\vm\classfile\systemDictionary.cpp, line 210]
Event: 52.183 Thread 0x00000000175a1800 Exception <a 'java/lang/ClassNotFoundException': org/gradle/api/file/FileTreeCustomizer> (0x00000000ed059570) thrown at [C:\re\workspace\8-2-build-windows-amd64-cygwin\jdk8u111\7883\hotspot\src\share\vm\classfile\systemDictionary.cpp, line 210]
Event: 52.184 Thread 0x00000000175a1800 Exception <a 'java/lang/ClassNotFoundException': org/gradle/api/file/ConfigurableFileTreeBeanInfo> (0x00000000ed0903a8) thrown at [C:\re\workspace\8-2-build-windows-amd64-cygwin\jdk8u111\7883\hotspot\src\share\vm\classfile\systemDictionary.cpp, line 210]
Event: 52.185 Thread 0x00000000175a1800 Exception <a 'java/lang/ClassNotFoundException': org/gradle/api/file/ConfigurableFileTreeCustomizer> (0x00000000ed0b3910) thrown at [C:\re\workspace\8-2-build-windows-amd64-cygwin\jdk8u111\7883\hotspot\src\share\vm\classfile\systemDictionary.cpp, line 210
Event: 52.187 Thread 0x00000000175a1800 Exception <a 'java/lang/ClassNotFoundException': org/gradle/api/file/DirectoryTreeBeanInfo> (0x00000000ed0e7040) thrown at [C:\re\workspace\8-2-build-windows-amd64-cygwin\jdk8u111\7883\hotspot\src\share\vm\classfile\systemDictionary.cpp, line 210]
Event: 52.188 Thread 0x00000000175a1800 Exception <a 'java/lang/ClassNotFoundException': org/gradle/api/file/DirectoryTreeCustomizer> (0x00000000ed108bd0) thrown at [C:\re\workspace\8-2-build-windows-amd64-cygwin\jdk8u111\7883\hotspot\src\share\vm\classfile\systemDictionary.cpp, line 210]
Event: 52.190 Thread 0x00000000175a1800 Exception <a 'java/lang/ClassNotFoundException': org/gradle/api/tasks/util/PatternFilterableBeanInfo> (0x00000000ed13c9d8) thrown at [C:\re\workspace\8-2-build-windows-amd64-cygwin\jdk8u111\7883\hotspot\src\share\vm\classfile\systemDictionary.cpp, line 21
Event: 52.191 Thread 0x00000000175a1800 Exception <a 'java/lang/ClassNotFoundException': org/gradle/api/tasks/util/PatternFilterableCustomizer> (0x00000000ed1624b0) thrown at [C:\re\workspace\8-2-build-windows-amd64-cygwin\jdk8u111\7883\hotspot\src\share\vm\classfile\systemDictionary.cpp, line 
Event: 52.869 Thread 0x00000000175a1800 Exception <a 'java/lang/ClassNotFoundException': com/sun/org/glassfish/hk2/osgiresourcelocator/ServiceLoader> (0x00000000eb048530) thrown at [C:\re\workspace\8-2-build-windows-amd64-cygwin\jdk8u111\7883\hotspot\src\share\vm\classfile\systemDictionary.cpp,
Event: 52.958 Thread 0x00000000175a1800 Exception <a 'java/lang/NullPointerException'> (0x00000000eb07c5a8) thrown at [C:\re\workspace\8-2-build-windows-amd64-cygwin\jdk8u111\7883\hotspot\src\share\vm\interpreter\linkResolver.cpp, line 1280]

Events (10 events):
Event: 53.010 loading class javax/xml/bind/annotation/XmlElementRef done
Event: 53.010 loading class com/sun/xml/internal/bind/v2/model/annotation/XmlElementRefQuick done
Event: 53.010 loading class com/sun/xml/internal/bind/v2/model/annotation/XmlElementRefsQuick
Event: 53.010 loading class javax/xml/bind/annotation/XmlElementRefs
Event: 53.010 loading class javax/xml/bind/annotation/XmlElementRefs done
Event: 53.010 loading class com/sun/xml/internal/bind/v2/model/annotation/XmlElementRefsQuick done
Event: 53.010 loading class com/sun/xml/internal/bind/v2/model/annotation/XmlEnumQuick
Event: 53.011 loading class javax/xml/bind/annotation/XmlEnum
Event: 53.011 loading class javax/xml/bind/annotation/XmlEnum done
Event: 53.011 Executing VM operation: CollectForMetadataAllocation


Dynamic libraries:
0x00007ff63d5e0000 - 0x00007ff63d617000 	C:\Program Files\Java\jdk1.8.0_111\bin\java.exe
0x00007ffa671f0000 - 0x00007ffa673c1000 	C:\WINDOWS\SYSTEM32\ntdll.dll
0x00007ffa66bc0000 - 0x00007ffa66c6c000 	C:\WINDOWS\System32\KERNEL32.DLL
0x00007ffa643b0000 - 0x00007ffa645cd000 	C:\WINDOWS\System32\KERNELBASE.dll
0x00007ffa64c00000 - 0x00007ffa64ca2000 	C:\WINDOWS\System32\ADVAPI32.dll
0x00007ffa64b60000 - 0x00007ffa64bfe000 	C:\WINDOWS\System32\msvcrt.dll
0x00007ffa66850000 - 0x00007ffa668a9000 	C:\WINDOWS\System32\sechost.dll
0x00007ffa64780000 - 0x00007ffa648a1000 	C:\WINDOWS\System32\RPCRT4.dll
0x00007ffa648b0000 - 0x00007ffa64a15000 	C:\WINDOWS\System32\USER32.dll
0x00007ffa64070000 - 0x00007ffa6408e000 	C:\WINDOWS\System32\win32u.dll
0x00007ffa64d10000 - 0x00007ffa64d44000 	C:\WINDOWS\System32\GDI32.dll
0x00007ffa63ef0000 - 0x00007ffa64070000 	C:\WINDOWS\System32\gdi32full.dll
0x00007ffa58350000 - 0x00007ffa585ca000 	C:\WINDOWS\WinSxS\amd64_microsoft.windows.common-controls_6595b64144ccf1df_6.0.14393.953_none_42151e83c686086b\COMCTL32.dll
0x00007ffa664a0000 - 0x00007ffa66768000 	C:\WINDOWS\System32\combase.dll
0x00007ffa64090000 - 0x00007ffa64185000 	C:\WINDOWS\System32\ucrtbase.dll
0x00007ffa63e80000 - 0x00007ffa63eea000 	C:\WINDOWS\System32\bcryptPrimitives.dll
0x00007ffa66d80000 - 0x00007ffa66dae000 	C:\WINDOWS\System32\IMM32.DLL
0x0000000077150000 - 0x0000000077222000 	C:\Program Files\Java\jdk1.8.0_111\jre\bin\msvcr100.dll
0x0000000077370000 - 0x0000000077c0a000 	C:\Program Files\Java\jdk1.8.0_111\jre\bin\server\jvm.dll
0x00007ffa671e0000 - 0x00007ffa671e8000 	C:\WINDOWS\System32\PSAPI.DLL
0x00007ffa611b0000 - 0x00007ffa611b9000 	C:\WINDOWS\SYSTEM32\WSOCK32.dll
0x00007ffa61140000 - 0x00007ffa61163000 	C:\WINDOWS\SYSTEM32\WINMM.dll
0x00007ffa668b0000 - 0x00007ffa6691a000 	C:\WINDOWS\System32\WS2_32.dll
0x00007ffa610a0000 - 0x00007ffa610cb000 	C:\WINDOWS\SYSTEM32\WINMMBASE.dll
0x00007ffa61ba0000 - 0x00007ffa61baa000 	C:\WINDOWS\SYSTEM32\VERSION.dll
0x00007ffa64360000 - 0x00007ffa643a2000 	C:\WINDOWS\System32\cfgmgr32.dll
0x00000000500c0000 - 0x00000000500cf000 	C:\Program Files\Java\jdk1.8.0_111\jre\bin\verify.dll
0x0000000050090000 - 0x00000000500b9000 	C:\Program Files\Java\jdk1.8.0_111\jre\bin\java.dll
0x0000000050070000 - 0x0000000050086000 	C:\Program Files\Java\jdk1.8.0_111\jre\bin\zip.dll
0x00007ffa64d50000 - 0x00007ffa66258000 	C:\WINDOWS\System32\SHELL32.dll
0x00007ffa636f0000 - 0x00007ffa63dca000 	C:\WINDOWS\System32\windows.storage.dll
0x00007ffa636a0000 - 0x00007ffa636ec000 	C:\WINDOWS\System32\powrprof.dll
0x00007ffa66980000 - 0x00007ffa669d2000 	C:\WINDOWS\System32\shlwapi.dll
0x00007ffa63680000 - 0x00007ffa6368f000 	C:\WINDOWS\System32\kernel.appcore.dll
0x00007ffa646d0000 - 0x00007ffa64779000 	C:\WINDOWS\System32\shcore.dll
0x00007ffa63660000 - 0x00007ffa63674000 	C:\WINDOWS\System32\profapi.dll
0x0000000050050000 - 0x000000005006a000 	C:\Program Files\Java\jdk1.8.0_111\jre\bin\net.dll
0x00007ffa62c30000 - 0x00007ffa62c8c000 	C:\WINDOWS\system32\mswsock.dll
0x0000000050030000 - 0x0000000050041000 	C:\Program Files\Java\jdk1.8.0_111\jre\bin\nio.dll
0x00007ffa557d0000 - 0x00007ffa557e2000 	C:\Users\Gino Osahon\.gradle\native\19\windows-amd64\native-platform.dll
0x00007ffa629b0000 - 0x00007ffa629e8000 	C:\WINDOWS\SYSTEM32\IPHLPAPI.DLL
0x00007ffa66b40000 - 0x00007ffa66b48000 	C:\WINDOWS\System32\NSI.dll
0x00007ffa5b530000 - 0x00007ffa5b546000 	C:\WINDOWS\SYSTEM32\dhcpcsvc6.DLL
0x00007ffa5b510000 - 0x00007ffa5b52a000 	C:\WINDOWS\SYSTEM32\dhcpcsvc.DLL
0x00007ffa634b0000 - 0x00007ffa634c7000 	C:\WINDOWS\SYSTEM32\CRYPTSP.dll
0x00007ffa62830000 - 0x00007ffa62863000 	C:\WINDOWS\system32\rsaenh.dll
0x00007ffa635a0000 - 0x00007ffa635cb000 	C:\WINDOWS\SYSTEM32\bcrypt.dll
0x00007ffa62ab0000 - 0x00007ffa62acf000 	C:\WINDOWS\SYSTEM32\USERENV.dll
0x00007ffa634d0000 - 0x00007ffa634db000 	C:\WINDOWS\SYSTEM32\CRYPTBASE.dll
0x0000000050020000 - 0x000000005002d000 	C:\Program Files\Java\jdk1.8.0_111\jre\bin\management.dll
0x00007ffa63310000 - 0x00007ffa634a2000 	C:\WINDOWS\SYSTEM32\dbghelp.dll

VM Arguments:
jvm_args: -XX:MaxPermSize=256m -XX:+HeapDumpOnOutOfMemoryError -Xmx1024m -Dfile.encoding=windows-1252 -Duser.country=GB -Duser.language=en -Duser.variant 
java_command: org.gradle.launcher.daemon.bootstrap.GradleDaemon 2.10
java_class_path (initial): C:\Program Files\Android\Android Studio\gradle\gradle-2.10\lib\gradle-launcher-2.10.jar
Launcher Type: SUN_STANDARD

Environment Variables:
PATH=C:\Program Files (x86)\Common Files\Intel\Shared Files\cpp\bin\Intel64;C:\ProgramData\Oracle\Java\javapath;C:\Program Files (x86)\Intel\iCLS Client\;C:\Program Files\Intel\iCLS Client\;C:\WINDOWS\system32;C:\WINDOWS;C:\WINDOWS\System32\Wbem;C:\WINDOWS\System32\WindowsPowerShell\v1.0\;C:\Program Files (x86)\Intel\Intel(R) Management Engine Components\DAL;C:\Program Files\Intel\Intel(R) Management Engine Components\DAL;C:\Program Files (x86)\Intel\Intel(R) Management Engine Components\IPT;C:\Program Files\Intel\Intel(R) Management Engine Components\IPT;C:\Program Files\Java\jdk1.8.0_111\bin;C:\Program Files\Git\cmd;C:\Program Files (x86)\Skype\Phone\;C:\Users\Gino Osahon\AppData\Roaming\Dashlane\4.6.4.21286\bin\Firefox_Extension\{442718d9-475e-452a-b3e1-fb1ee16b8e9f}\components;C:\Users\Gino Osahon\AppData\Local\Microsoft\WindowsApps;
USERNAME=Gino Osahon
OS=Windows_NT
PROCESSOR_IDENTIFIER=Intel64 Family 6 Model 61 Stepping 4, GenuineIntel



---------------  S Y S T E M  ---------------

OS: Windows 10.0 , 64 bit Build 14393 (10.0.14393.1198)

CPU:total 4 (2 cores per cpu, 2 threads per core) family 6 model 61 stepping 4, cmov, cx8, fxsr, mmx, sse, sse2, sse3, ssse3, sse4.1, sse4.2, popcnt, avx, avx2, aes, clmul, erms, 3dnowpref, lzcnt, ht, tsc, tscinvbit, bmi1, bmi2, adx

Memory: 4k page, physical 4107596k(472080k free), swap 15117644k(9990312k free)

vm_info: Java HotSpot(TM) 64-Bit Server VM (25.111-b14) for windows-amd64 JRE (1.8.0_111-b14), built on Sep 22 2016 19:24:05 by "java_re" with MS VC++ 10.0 (VS2010)

time: Mon Jun 19 14:39:04 2017
elapsed time: 53 seconds (0d 0h 0m 53s)

