#
# A fatal error has been detected by the Java Runtime Environment:
#
#  Internal Error (ad_x86_64.cpp:1001), pid=10864, tid=0x0000000000002bf0
#  Error: Unimplemented()
#
# JRE version: Java(TM) SE Runtime Environment (8.0_111-b14) (build 1.8.0_111-b14)
# Java VM: Java HotSpot(TM) 64-Bit Server VM (25.111-b14 mixed mode windows-amd64 compressed oops)
# Failed to write core dump. Minidumps are not enabled by default on client versions of Windows
#
# If you would like to submit a bug report, please visit:
#   http://bugreport.java.com/bugreport/crash.jsp
#

---------------  T H R E A D  ---------------

Current thread (0x00000000156b1000):  JavaThread "C2 CompilerThread1" daemon [_thread_in_native, id=11248, stack(0x0000000016df0000,0x0000000016ef0000)]

Stack: [0x0000000016df0000,0x0000000016ef0000]
[error occurred during error reporting (printing stack bounds), id 0xc0000005]

Native frames: (J=compiled Java code, j=interpreted, Vv=VM code, C=native code)


Current CompileTask:
C2:  29864 2122       4       java.net.URLClassLoader$1::run (5 bytes)


---------------  P R O C E S S  ---------------

Java Threads: ( => current thread )
  0x000000001adaf800 JavaThread "File lock request listener" [_thread_in_native, id=15056, stack(0x000000001c8a0000,0x000000001c9a0000)]
  0x0000000018599000 JavaThread "Stdin handler" [_thread_blocked, id=8416, stack(0x0000000019a00000,0x0000000019b00000)]
  0x0000000018530000 JavaThread "Daemon worker" [_thread_in_native, id=2248, stack(0x0000000019900000,0x0000000019a00000)]
  0x000000001852f000 JavaThread "Cancel handler" [_thread_blocked, id=8132, stack(0x0000000019800000,0x0000000019900000)]
  0x00000000184dc800 JavaThread "Handler for socket connection from /127.0.0.1:50884 to /127.0.0.1:50904" [_thread_in_native, id=14288, stack(0x0000000019700000,0x0000000019800000)]
  0x00000000180ac000 JavaThread "Daemon" [_thread_blocked, id=14900, stack(0x0000000019600000,0x0000000019700000)]
  0x00000000179fc000 JavaThread "Incoming local TCP Connector on port 50884" [_thread_in_native, id=7772, stack(0x0000000017df0000,0x0000000017ef0000)]
  0x000000001570e000 JavaThread "Service Thread" daemon [_thread_blocked, id=15096, stack(0x00000000173f0000,0x00000000174f0000)]
  0x00000000156ef000 JavaThread "C1 CompilerThread2" daemon [_thread_blocked, id=12172, stack(0x0000000016ef0000,0x0000000016ff0000)]
=>0x00000000156b1000 JavaThread "C2 CompilerThread1" daemon [_thread_in_native, id=11248, stack(0x0000000016df0000,0x0000000016ef0000)]
  0x00000000156ae800 JavaThread "C2 CompilerThread0" daemon [_thread_blocked, id=13044, stack(0x0000000016cf0000,0x0000000016df0000)]
  0x00000000156ad000 JavaThread "Attach Listener" daemon [_thread_blocked, id=6020, stack(0x0000000016bf0000,0x0000000016cf0000)]
  0x00000000156ab800 JavaThread "Signal Dispatcher" daemon [_thread_blocked, id=14696, stack(0x0000000016af0000,0x0000000016bf0000)]
  0x000000001569a800 JavaThread "Finalizer" daemon [_thread_blocked, id=14364, stack(0x0000000016900000,0x0000000016a00000)]
  0x0000000002fd0800 JavaThread "Reference Handler" daemon [_thread_blocked, id=13628, stack(0x0000000016800000,0x0000000016900000)]
  0x0000000002dde000 JavaThread "main" [_thread_blocked, id=8820, stack(0x0000000002de0000,0x0000000002ee0000)]

Other Threads:
  0x0000000015677800 VMThread [stack: 0x0000000016700000,0x0000000016800000] [id=15232]
  0x0000000017035000 WatcherThread [stack: 0x00000000174f0000,0x00000000175f0000] [id=13360]

VM state:not at safepoint (normal execution)

VM Mutex/Monitor currently owned by a thread: None

Heap:
 PSYoungGen      total 45056K, used 21309K [0x00000000eab00000, 0x00000000edf80000, 0x0000000100000000)
  eden space 37888K, 44% used [0x00000000eab00000,0x00000000ebb6a4d8,0x00000000ed000000)
  from space 7168K, 62% used [0x00000000ed680000,0x00000000edae5118,0x00000000edd80000)
  to   space 6656K, 0% used [0x00000000ed000000,0x00000000ed000000,0x00000000ed680000)
 ParOldGen       total 33792K, used 8859K [0x00000000c0000000, 0x00000000c2100000, 0x00000000eab00000)
  object space 33792K, 26% used [0x00000000c0000000,0x00000000c08a6fd0,0x00000000c2100000)
 Metaspace       used 28310K, capacity 28822K, committed 28928K, reserved 1075200K
  class space    used 3852K, capacity 3995K, committed 4096K, reserved 1048576K

Card table byte_map: [0x00000000123a0000,0x00000000125b0000] byte_map_base: 0x0000000011da0000

Marking Bits: (ParMarkBitMap*) 0x00000000614ba6c0
 Begin Bits: [0x0000000012b10000, 0x0000000013b10000)
 End Bits:   [0x0000000013b10000, 0x0000000014b10000)

Polling page: 0x0000000001530000

CodeCache: size=245760Kb used=8712Kb max_used=8723Kb free=237047Kb
 bounds [0x0000000002fe0000, 0x0000000003870000, 0x0000000011fe0000]
 total_blobs=2893 nmethods=2255 adapters=549
 compilation: enabled

Compilation events (10 events):
Event: 29.562 Thread 0x00000000156ef000 nmethod 2374 0x0000000003851210 code [0x0000000003851360, 0x00000000038514b0]
Event: 29.562 Thread 0x00000000156ef000 2375       3       java.net.URI$Parser::parseHierarchical (180 bytes)
Event: 29.566 Thread 0x00000000156ef000 nmethod 2375 0x00000000038658d0 code [0x0000000003865c00, 0x0000000003867448]
Event: 29.824 Thread 0x00000000156ef000 2377       3       java.util.Arrays::fill (28 bytes)
Event: 29.825 Thread 0x00000000156ef000 nmethod 2377 0x0000000003859e50 code [0x0000000003859fc0, 0x000000000385a228]
Event: 29.825 Thread 0x00000000156ef000 2378       3       java.util.Arrays::rangeCheck (74 bytes)
Event: 29.826 Thread 0x00000000156ae800 2379 %     4       java.util.Arrays::fill @ 10 (28 bytes)
Event: 29.827 Thread 0x00000000156ef000 nmethod 2378 0x00000000038681d0 code [0x0000000003868420, 0x0000000003869168]
Event: 29.828 Thread 0x00000000156ef000 2380       1       com.sun.org.apache.xerces.internal.util.Status::isExceptional (5 bytes)
Event: 29.828 Thread 0x00000000156ef000 nmethod 2380 0x0000000003859b90 code [0x0000000003859ce0, 0x0000000003859df0]

GC Heap History (10 events):
Event: 23.158 GC heap before
{Heap before GC invocations=7 (full 0):
 PSYoungGen      total 23040K, used 20364K [0x00000000eab00000, 0x00000000ec800000, 0x0000000100000000)
  eden space 16384K, 91% used [0x00000000eab00000,0x00000000eb9a90f0,0x00000000ebb00000)
  from space 6656K, 80% used [0x00000000ec180000,0x00000000ec6b9f80,0x00000000ec800000)
  to   space 6656K, 0% used [0x00000000ebb00000,0x00000000ebb00000,0x00000000ec180000)
 ParOldGen       total 44032K, used 7873K [0x00000000c0000000, 0x00000000c2b00000, 0x00000000eab00000)
  object space 44032K, 17% used [0x00000000c0000000,0x00000000c07b0790,0x00000000c2b00000)
 Metaspace       used 20867K, capacity 21136K, committed 21296K, reserved 1067008K
  class space    used 2778K, capacity 2869K, committed 2944K, reserved 1048576K
Event: 23.176 GC heap after
Heap after GC invocations=7 (full 0):
 PSYoungGen      total 23040K, used 4343K [0x00000000eab00000, 0x00000000ed800000, 0x0000000100000000)
  eden space 16384K, 0% used [0x00000000eab00000,0x00000000eab00000,0x00000000ebb00000)
  from space 6656K, 65% used [0x00000000ebb00000,0x00000000ebf3dc30,0x00000000ec180000)
  to   space 6656K, 0% used [0x00000000ed180000,0x00000000ed180000,0x00000000ed800000)
 ParOldGen       total 44032K, used 8758K [0x00000000c0000000, 0x00000000c2b00000, 0x00000000eab00000)
  object space 44032K, 19% used [0x00000000c0000000,0x00000000c088d840,0x00000000c2b00000)
 Metaspace       used 20867K, capacity 21136K, committed 21296K, reserved 1067008K
  class space    used 2778K, capacity 2869K, committed 2944K, reserved 1048576K
}
Event: 23.176 GC heap before
{Heap before GC invocations=8 (full 1):
 PSYoungGen      total 23040K, used 4343K [0x00000000eab00000, 0x00000000ed800000, 0x0000000100000000)
  eden space 16384K, 0% used [0x00000000eab00000,0x00000000eab00000,0x00000000ebb00000)
  from space 6656K, 65% used [0x00000000ebb00000,0x00000000ebf3dc30,0x00000000ec180000)
  to   space 6656K, 0% used [0x00000000ed180000,0x00000000ed180000,0x00000000ed800000)
 ParOldGen       total 44032K, used 8758K [0x00000000c0000000, 0x00000000c2b00000, 0x00000000eab00000)
  object space 44032K, 19% used [0x00000000c0000000,0x00000000c088d840,0x00000000c2b00000)
 Metaspace       used 20867K, capacity 21136K, committed 21296K, reserved 1067008K
  class space    used 2778K, capacity 2869K, committed 2944K, reserved 1048576K
Event: 23.317 GC heap after
Heap after GC invocations=8 (full 1):
 PSYoungGen      total 23040K, used 0K [0x00000000eab00000, 0x00000000ed800000, 0x0000000100000000)
  eden space 16384K, 0% used [0x00000000eab00000,0x00000000eab00000,0x00000000ebb00000)
  from space 6656K, 0% used [0x00000000ebb00000,0x00000000ebb00000,0x00000000ec180000)
  to   space 6656K, 0% used [0x00000000ed180000,0x00000000ed180000,0x00000000ed800000)
 ParOldGen       total 33792K, used 7559K [0x00000000c0000000, 0x00000000c2100000, 0x00000000eab00000)
  object space 33792K, 22% used [0x00000000c0000000,0x00000000c0761f80,0x00000000c2100000)
 Metaspace       used 20867K, capacity 21136K, committed 21296K, reserved 1067008K
  class space    used 2778K, capacity 2869K, committed 2944K, reserved 1048576K
}
Event: 25.136 GC heap before
{Heap before GC invocations=9 (full 1):
 PSYoungGen      total 23040K, used 16384K [0x00000000eab00000, 0x00000000ed800000, 0x0000000100000000)
  eden space 16384K, 100% used [0x00000000eab00000,0x00000000ebb00000,0x00000000ebb00000)
  from space 6656K, 0% used [0x00000000ebb00000,0x00000000ebb00000,0x00000000ec180000)
  to   space 6656K, 0% used [0x00000000ed180000,0x00000000ed180000,0x00000000ed800000)
 ParOldGen       total 33792K, used 7559K [0x00000000c0000000, 0x00000000c2100000, 0x00000000eab00000)
  object space 33792K, 22% used [0x00000000c0000000,0x00000000c0761f80,0x00000000c2100000)
 Metaspace       used 22252K, capacity 22726K, committed 23040K, reserved 1069056K
  class space    used 2894K, capacity 3013K, committed 3072K, reserved 1048576K
Event: 25.146 GC heap after
Heap after GC invocations=9 (full 1):
 PSYoungGen      total 28672K, used 1850K [0x00000000eab00000, 0x00000000ed380000, 0x0000000100000000)
  eden space 26624K, 0% used [0x00000000eab00000,0x00000000eab00000,0x00000000ec500000)
  from space 2048K, 90% used [0x00000000ed180000,0x00000000ed34ea40,0x00000000ed380000)
  to   space 6656K, 0% used [0x00000000ec680000,0x00000000ec680000,0x00000000ecd00000)
 ParOldGen       total 33792K, used 7567K [0x00000000c0000000, 0x00000000c2100000, 0x00000000eab00000)
  object space 33792K, 22% used [0x00000000c0000000,0x00000000c0763f80,0x00000000c2100000)
 Metaspace       used 22252K, capacity 22726K, committed 23040K, reserved 1069056K
  class space    used 2894K, capacity 3013K, committed 3072K, reserved 1048576K
}
Event: 27.277 GC heap before
{Heap before GC invocations=10 (full 1):
 PSYoungGen      total 28672K, used 28474K [0x00000000eab00000, 0x00000000ed380000, 0x0000000100000000)
  eden space 26624K, 100% used [0x00000000eab00000,0x00000000ec500000,0x00000000ec500000)
  from space 2048K, 90% used [0x00000000ed180000,0x00000000ed34ea40,0x00000000ed380000)
  to   space 6656K, 0% used [0x00000000ec680000,0x00000000ec680000,0x00000000ecd00000)
 ParOldGen       total 33792K, used 7567K [0x00000000c0000000, 0x00000000c2100000, 0x00000000eab00000)
  object space 33792K, 22% used [0x00000000c0000000,0x00000000c0763f80,0x00000000c2100000)
 Metaspace       used 24325K, capacity 24826K, committed 24960K, reserved 1071104K
  class space    used 3219K, capacity 3369K, committed 3456K, reserved 1048576K
Event: 27.312 GC heap after
Heap after GC invocations=10 (full 1):
 PSYoungGen      total 34816K, used 4978K [0x00000000eab00000, 0x00000000edd80000, 0x0000000100000000)
  eden space 28160K, 0% used [0x00000000eab00000,0x00000000eab00000,0x00000000ec680000)
  from space 6656K, 74% used [0x00000000ec680000,0x00000000ecb5c9f0,0x00000000ecd00000)
  to   space 7168K, 0% used [0x00000000ed680000,0x00000000ed680000,0x00000000edd80000)
 ParOldGen       total 33792K, used 7567K [0x00000000c0000000, 0x00000000c2100000, 0x00000000eab00000)
  object space 33792K, 22% used [0x00000000c0000000,0x00000000c0763f80,0x00000000c2100000)
 Metaspace       used 24325K, capacity 24826K, committed 24960K, reserved 1071104K
  class space    used 3219K, capacity 3369K, committed 3456K, reserved 1048576K
}
Event: 28.963 GC heap before
{Heap before GC invocations=11 (full 1):
 PSYoungGen      total 34816K, used 33138K [0x00000000eab00000, 0x00000000edd80000, 0x0000000100000000)
  eden space 28160K, 100% used [0x00000000eab00000,0x00000000ec680000,0x00000000ec680000)
  from space 6656K, 74% used [0x00000000ec680000,0x00000000ecb5c9f0,0x00000000ecd00000)
  to   space 7168K, 0% used [0x00000000ed680000,0x00000000ed680000,0x00000000edd80000)
 ParOldGen       total 33792K, used 7567K [0x00000000c0000000, 0x00000000c2100000, 0x00000000eab00000)
  object space 33792K, 22% used [0x00000000c0000000,0x00000000c0763f80,0x00000000c2100000)
 Metaspace       used 26138K, capacity 26678K, committed 26752K, reserved 1073152K
  class space    used 3558K, capacity 3707K, committed 3712K, reserved 1048576K
Event: 29.000 GC heap after
Heap after GC invocations=11 (full 1):
 PSYoungGen      total 45056K, used 4500K [0x00000000eab00000, 0x00000000edf80000, 0x0000000100000000)
  eden space 37888K, 0% used [0x00000000eab00000,0x00000000eab00000,0x00000000ed000000)
  from space 7168K, 62% used [0x00000000ed680000,0x00000000edae5118,0x00000000edd80000)
  to   space 6656K, 0% used [0x00000000ed000000,0x00000000ed000000,0x00000000ed680000)
 ParOldGen       total 33792K, used 8859K [0x00000000c0000000, 0x00000000c2100000, 0x00000000eab00000)
  object space 33792K, 26% used [0x00000000c0000000,0x00000000c08a6fd0,0x00000000c2100000)
 Metaspace       used 26138K, capacity 26678K, committed 26752K, reserved 1073152K
  class space    used 3558K, capacity 3707K, committed 3712K, reserved 1048576K
}

Deoptimization events (10 events):
Event: 25.331 Thread 0x0000000018530000 Uncommon trap: reason=unstable_if action=reinterpret pc=0x000000000340e028 method=java.util.HashMap.hash(Ljava/lang/Object;)I @ 1
Event: 26.151 Thread 0x0000000018530000 Uncommon trap: reason=unstable_if action=reinterpret pc=0x00000000034b701c method=java.lang.ref.ReferenceQueue.poll()Ljava/lang/ref/Reference; @ 4
Event: 26.151 Thread 0x0000000018530000 Uncommon trap: reason=class_check action=maybe_recompile pc=0x000000000350fde8 method=java.lang.ref.ReferenceQueue.reallyPoll()Ljava/lang/ref/Reference; @ 52
Event: 26.220 Thread 0x0000000018530000 Uncommon trap: reason=unstable_if action=reinterpret pc=0x00000000036ae230 method=java.lang.Class$MethodArray.addIfNotPresent(Ljava/lang/reflect/Method;)V @ 19
Event: 27.099 Thread 0x0000000018530000 Uncommon trap: reason=unstable_if action=reinterpret pc=0x000000000321450c method=java.io.WinNTFileSystem.resolve(Ljava/lang/String;Ljava/lang/String;)Ljava/lang/String; @ 49
Event: 27.320 Thread 0x0000000018530000 Uncommon trap: reason=class_check action=maybe_recompile pc=0x000000000350fde8 method=java.lang.ref.ReferenceQueue.reallyPoll()Ljava/lang/ref/Reference; @ 52
Event: 27.320 Thread 0x0000000018530000 Uncommon trap: reason=class_check action=maybe_recompile pc=0x000000000350fde8 method=java.lang.ref.ReferenceQueue.reallyPoll()Ljava/lang/ref/Reference; @ 52
Event: 28.195 Thread 0x0000000018530000 Uncommon trap: reason=unstable_if action=reinterpret pc=0x00000000037c96c0 method=groovy.lang.MetaClassImpl$1MOPIter.processFastArray(Lorg/codehaus/groovy/util/FastArray;)V @ 85
Event: 29.378 Thread 0x0000000018530000 Uncommon trap: reason=unstable_if action=reinterpret pc=0x0000000003138ba0 method=java.net.URI.match(CJJ)Z @ 45
Event: 29.557 Thread 0x0000000018530000 Uncommon trap: reason=unstable_if action=reinterpret pc=0x000000000348db44 method=java.lang.AbstractStringBuilder.append(Ljava/lang/String;)Ljava/lang/AbstractStringBuilder; @ 1

Internal exceptions (10 events):
Event: 28.204 Thread 0x0000000018530000 Exception <a 'java/lang/ClassNotFoundException': build_8354m7jrjamjkhz0c5rse56coCustomizer> (0x00000000eb8225f0) thrown at [C:\re\workspace\8-2-build-windows-amd64-cygwin\jdk8u111\7883\hotspot\src\share\vm\classfile\systemDictionary.cpp, line 210]
Event: 28.751 Thread 0x0000000018530000 Exception <a 'java/lang/ClassNotFoundException': org/gradle/api/internal/artifacts/dsl/dependencies/DefaultDependencyHandler_DecoratedBeanInfo> (0x00000000ec1814c0) thrown at [C:\re\workspace\8-2-build-windows-amd64-cygwin\jdk8u111\7883\hotspot\src\share\
Event: 28.754 Thread 0x0000000018530000 Exception <a 'java/lang/ClassNotFoundException': org/gradle/api/internal/artifacts/dsl/dependencies/DefaultDependencyHandlerBeanInfo> (0x00000000ec1aa460) thrown at [C:\re\workspace\8-2-build-windows-amd64-cygwin\jdk8u111\7883\hotspot\src\share\vm\classfi
Event: 28.757 Thread 0x0000000018530000 Exception <a 'java/lang/ClassNotFoundException': org/gradle/api/internal/artifacts/dsl/dependencies/DefaultDependencyHandlerCustomizer> (0x00000000ec1d3b08) thrown at [C:\re\workspace\8-2-build-windows-amd64-cygwin\jdk8u111\7883\hotspot\src\share\vm\class
Event: 28.760 Thread 0x0000000018530000 Exception <a 'java/lang/ClassNotFoundException': org/gradle/api/internal/artifacts/dsl/dependencies/DefaultDependencyHandler_DecoratedCustomizer> (0x00000000ec210af0) thrown at [C:\re\workspace\8-2-build-windows-amd64-cygwin\jdk8u111\7883\hotspot\src\shar
Event: 28.768 Thread 0x0000000018530000 Exception <a 'java/lang/ClassNotFoundException': org/gradle/api/artifacts/dsl/DependencyHandlerBeanInfo> (0x00000000ec26c790) thrown at [C:\re\workspace\8-2-build-windows-amd64-cygwin\jdk8u111\7883\hotspot\src\share\vm\classfile\systemDictionary.cpp, line
Event: 28.770 Thread 0x0000000018530000 Exception <a 'java/lang/ClassNotFoundException': org/gradle/api/artifacts/dsl/DependencyHandlerCustomizer> (0x00000000ec28bdf8) thrown at [C:\re\workspace\8-2-build-windows-amd64-cygwin\jdk8u111\7883\hotspot\src\share\vm\classfile\systemDictionary.cpp, li
Event: 28.777 Thread 0x0000000018530000 Exception <a 'java/lang/ClassNotFoundException': org/gradle/api/internal/IConventionAwareBeanInfo> (0x00000000ec2c27d8) thrown at [C:\re\workspace\8-2-build-windows-amd64-cygwin\jdk8u111\7883\hotspot\src\share\vm\classfile\systemDictionary.cpp, line 210]
Event: 28.778 Thread 0x0000000018530000 Exception <a 'java/lang/ClassNotFoundException': org/gradle/api/internal/IConventionAwareCustomizer> (0x00000000ec2df370) thrown at [C:\re\workspace\8-2-build-windows-amd64-cygwin\jdk8u111\7883\hotspot\src\share\vm\classfile\systemDictionary.cpp, line 210
Event: 29.557 Thread 0x0000000018530000 Implicit null exception at 0x000000000348d5e5 to 0x000000000348db35

Events (10 events):
Event: 29.822 loading class com/sun/xml/internal/stream/util/BufferAllocator done
Event: 29.822 loading class com/sun/xml/internal/stream/Entity$ScannedEntity
Event: 29.822 loading class com/sun/xml/internal/stream/Entity
Event: 29.823 loading class com/sun/xml/internal/stream/Entity done
Event: 29.823 loading class com/sun/xml/internal/stream/Entity$ScannedEntity done
Event: 29.823 loading class com/sun/org/apache/xerces/internal/util/XMLChar
Event: 29.824 loading class com/sun/org/apache/xerces/internal/util/XMLChar done
Event: 29.827 loading class com/sun/org/apache/xerces/internal/util/XMLSymbols
Event: 29.827 loading class com/sun/org/apache/xerces/internal/util/XMLSymbols done
Event: 29.828 loading class com/sun/org/apache/xerces/internal/dom/DeferredDocumentImpl


Dynamic libraries:
0x00007ff678940000 - 0x00007ff678977000 	C:\Program Files\Java\jdk1.8.0_111\bin\java.exe
0x00007ff8ce940000 - 0x00007ff8ceb11000 	C:\WINDOWS\SYSTEM32\ntdll.dll
0x00007ff8cc4f0000 - 0x00007ff8cc59c000 	C:\WINDOWS\System32\KERNEL32.DLL
0x00007ff8cbb90000 - 0x00007ff8cbdad000 	C:\WINDOWS\System32\KERNELBASE.dll
0x00007ff8cc380000 - 0x00007ff8cc422000 	C:\WINDOWS\System32\ADVAPI32.dll
0x00007ff8ccc00000 - 0x00007ff8ccc9e000 	C:\WINDOWS\System32\msvcrt.dll
0x00007ff8cbef0000 - 0x00007ff8cbf49000 	C:\WINDOWS\System32\sechost.dll
0x00007ff8ce710000 - 0x00007ff8ce831000 	C:\WINDOWS\System32\RPCRT4.dll
0x00007ff8ccfb0000 - 0x00007ff8cd115000 	C:\WINDOWS\System32\USER32.dll
0x00007ff8cb3a0000 - 0x00007ff8cb3be000 	C:\WINDOWS\System32\win32u.dll
0x00007ff8ccf70000 - 0x00007ff8ccfa4000 	C:\WINDOWS\System32\GDI32.dll
0x00007ff8cafa0000 - 0x00007ff8cb120000 	C:\WINDOWS\System32\gdi32full.dll
0x00007ff8c1590000 - 0x00007ff8c180a000 	C:\WINDOWS\WinSxS\amd64_microsoft.windows.common-controls_6595b64144ccf1df_6.0.14393.953_none_42151e83c686086b\COMCTL32.dll
0x00007ff8ccca0000 - 0x00007ff8ccf68000 	C:\WINDOWS\System32\combase.dll
0x00007ff8cae40000 - 0x00007ff8caf35000 	C:\WINDOWS\System32\ucrtbase.dll
0x00007ff8cbe60000 - 0x00007ff8cbeca000 	C:\WINDOWS\System32\bcryptPrimitives.dll
0x00007ff8ce640000 - 0x00007ff8ce66e000 	C:\WINDOWS\System32\IMM32.DLL
0x0000000060850000 - 0x0000000060922000 	C:\Program Files\Java\jdk1.8.0_111\jre\bin\msvcr100.dll
0x0000000060ca0000 - 0x000000006153a000 	C:\Program Files\Java\jdk1.8.0_111\jre\bin\server\jvm.dll
0x00007ff8cca50000 - 0x00007ff8cca58000 	C:\WINDOWS\System32\PSAPI.DLL
0x00007ff8c1850000 - 0x00007ff8c185a000 	C:\WINDOWS\SYSTEM32\VERSION.dll
0x00007ff8c1d70000 - 0x00007ff8c1d79000 	C:\WINDOWS\SYSTEM32\WSOCK32.dll
0x00007ff8c9150000 - 0x00007ff8c9173000 	C:\WINDOWS\SYSTEM32\WINMM.dll
0x00007ff8cc9e0000 - 0x00007ff8cca4a000 	C:\WINDOWS\System32\WS2_32.dll
0x00007ff8c8eb0000 - 0x00007ff8c8edb000 	C:\WINDOWS\SYSTEM32\WINMMBASE.dll
0x00007ff8cbb40000 - 0x00007ff8cbb82000 	C:\WINDOWS\System32\cfgmgr32.dll
0x0000000061aa0000 - 0x0000000061aaf000 	C:\Program Files\Java\jdk1.8.0_111\jre\bin\verify.dll
0x0000000061a70000 - 0x0000000061a99000 	C:\Program Files\Java\jdk1.8.0_111\jre\bin\java.dll
0x0000000061a50000 - 0x0000000061a66000 	C:\Program Files\Java\jdk1.8.0_111\jre\bin\zip.dll
0x00007ff8cd120000 - 0x00007ff8ce628000 	C:\WINDOWS\System32\SHELL32.dll
0x00007ff8cb3c0000 - 0x00007ff8cba9a000 	C:\WINDOWS\System32\windows.storage.dll
0x00007ff8cadc0000 - 0x00007ff8cae0c000 	C:\WINDOWS\System32\powrprof.dll
0x00007ff8cc5a0000 - 0x00007ff8cc5f2000 	C:\WINDOWS\System32\shlwapi.dll
0x00007ff8cae10000 - 0x00007ff8cae1f000 	C:\WINDOWS\System32\kernel.appcore.dll
0x00007ff8cbdb0000 - 0x00007ff8cbe59000 	C:\WINDOWS\System32\shcore.dll
0x00007ff8cae20000 - 0x00007ff8cae34000 	C:\WINDOWS\System32\profapi.dll
0x0000000061650000 - 0x000000006166a000 	C:\Program Files\Java\jdk1.8.0_111\jre\bin\net.dll
0x00007ff8ca6e0000 - 0x00007ff8ca73c000 	C:\WINDOWS\system32\mswsock.dll
0x0000000061630000 - 0x0000000061641000 	C:\Program Files\Java\jdk1.8.0_111\jre\bin\nio.dll
0x00007ff898b30000 - 0x00007ff898b42000 	C:\Users\Gino Osahon\.gradle\native\19\windows-amd64\native-platform.dll
0x00007ff8ca460000 - 0x00007ff8ca498000 	C:\WINDOWS\SYSTEM32\IPHLPAPI.DLL
0x00007ff8ce630000 - 0x00007ff8ce638000 	C:\WINDOWS\System32\NSI.dll
0x00007ff8c3f00000 - 0x00007ff8c3f16000 	C:\WINDOWS\SYSTEM32\dhcpcsvc6.DLL
0x00007ff8c4200000 - 0x00007ff8c421a000 	C:\WINDOWS\SYSTEM32\dhcpcsvc.DLL
0x00007ff8ca880000 - 0x00007ff8ca897000 	C:\WINDOWS\SYSTEM32\CRYPTSP.dll
0x00007ff8ca280000 - 0x00007ff8ca2b3000 	C:\WINDOWS\system32\rsaenh.dll
0x00007ff8cacf0000 - 0x00007ff8cad1b000 	C:\WINDOWS\SYSTEM32\bcrypt.dll
0x00007ff8ca560000 - 0x00007ff8ca57f000 	C:\WINDOWS\SYSTEM32\USERENV.dll
0x00007ff8ca8a0000 - 0x00007ff8ca8ab000 	C:\WINDOWS\SYSTEM32\CRYPTBASE.dll

VM Arguments:
jvm_args: -XX:MaxPermSize=256m -XX:+HeapDumpOnOutOfMemoryError -Xmx1024m -Dfile.encoding=windows-1252 -Duser.country=GB -Duser.language=en -Duser.variant 
java_command: org.gradle.launcher.daemon.bootstrap.GradleDaemon 2.10
java_class_path (initial): C:\Program Files\Android\Android Studio\gradle\gradle-2.10\lib\gradle-launcher-2.10.jar
Launcher Type: SUN_STANDARD

Environment Variables:
PATH=C:\Program Files (x86)\Common Files\Intel\Shared Files\cpp\bin\Intel64;C:\ProgramData\Oracle\Java\javapath;C:\Program Files (x86)\Intel\iCLS Client\;C:\Program Files\Intel\iCLS Client\;C:\WINDOWS\system32;C:\WINDOWS;C:\WINDOWS\System32\Wbem;C:\WINDOWS\System32\WindowsPowerShell\v1.0\;C:\Program Files (x86)\Intel\Intel(R) Management Engine Components\DAL;C:\Program Files\Intel\Intel(R) Management Engine Components\DAL;C:\Program Files (x86)\Intel\Intel(R) Management Engine Components\IPT;C:\Program Files\Intel\Intel(R) Management Engine Components\IPT;C:\Program Files\Java\jdk1.8.0_111\bin;C:\Program Files\Git\cmd;C:\Program Files (x86)\Skype\Phone\;C:\Users\Gino Osahon\AppData\Roaming\Dashlane\4.6.4.21286\bin\Firefox_Extension\{442718d9-475e-452a-b3e1-fb1ee16b8e9f}\components;C:\Users\Gino Osahon\AppData\Local\Microsoft\WindowsApps;
USERNAME=Gino Osahon
OS=Windows_NT
PROCESSOR_IDENTIFIER=Intel64 Family 6 Model 61 Stepping 4, GenuineIntel



---------------  S Y S T E M  ---------------

OS: Windows 10.0 , 64 bit Build 14393 (10.0.14393.1198)

CPU:total 4 (2 cores per cpu, 2 threads per core) family 6 model 61 stepping 4, cmov, cx8, fxsr, mmx, sse, sse2, sse3, ssse3, sse4.1, sse4.2, popcnt, avx, avx2, aes, clmul, erms, 3dnowpref, lzcnt, ht, tsc, tscinvbit, bmi1, bmi2, adx

Memory: 4k page, physical 4107596k(563320k free), swap 12234060k(4518612k free)

vm_info: Java HotSpot(TM) 64-Bit Server VM (25.111-b14) for windows-amd64 JRE (1.8.0_111-b14), built on Sep 22 2016 19:24:05 by "java_re" with MS VC++ 10.0 (VS2010)

time: Sat Jul 22 04:47:35 2017
elapsed time: 29 seconds (0d 0h 0m 29s)

